  ChouquetteEngine.cpp
D:\MesDossiers\EngineProject\ogre\OgreMain\include\OgreAxisAlignedBox.h(66,25): warning C4251: 'Ogre::AxisAlignedBox::mMinimum' : class 'Ogre::Vector<3,Ogre::Real>' nécessite une interface DLL pour être utilisé(e) par les clients de class 'Ogre::AxisAlignedBox'
D:\MesDossiers\EngineProject\ogre\OgreMain\include\OgrePrerequisites.h(245): message : voir la déclaration de 'Ogre::Vector<3,Ogre::Real>'
D:\MesDossiers\EngineProject\ogre\OgreMain\include\OgreAxisAlignedBox.h(67,25): warning C4251: 'Ogre::AxisAlignedBox::mMaximum' : class 'Ogre::Vector<3,Ogre::Real>' nécessite une interface DLL pour être utilisé(e) par les clients de class 'Ogre::AxisAlignedBox'
D:\MesDossiers\EngineProject\ogre\OgreMain\include\OgrePrerequisites.h(245): message : voir la déclaration de 'Ogre::Vector<3,Ogre::Real>'
D:\MesDossiers\EngineProject\ogre\OgreMain\include\OgrePlane.h(65,23): warning C4251: 'Ogre::Plane::normal' : class 'Ogre::Vector<3,Ogre::Real>' nécessite une interface DLL pour être utilisé(e) par les clients de class 'Ogre::Plane'
D:\MesDossiers\EngineProject\ogre\OgreMain\include\OgrePrerequisites.h(245): message : voir la déclaration de 'Ogre::Vector<3,Ogre::Real>'
D:\MesDossiers\EngineProject\ogre\OgreMain\include\OgreSphere.h(56,24): warning C4251: 'Ogre::Sphere::mCenter' : class 'Ogre::Vector<3,Ogre::Real>' nécessite une interface DLL pour être utilisé(e) par les clients de class 'Ogre::Sphere'
D:\MesDossiers\EngineProject\ogre\OgreMain\include\OgrePrerequisites.h(245): message : voir la déclaration de 'Ogre::Vector<3,Ogre::Real>'
D:\MesDossiers\EngineProject\ogre\OgreMain\include\OgreBone.h(140,41): warning C4251: 'Ogre::Bone::mBindDerivedInverseScale' : class 'Ogre::Vector<3,Ogre::Real>' nécessite une interface DLL pour être utilisé(e) par les clients de class 'Ogre::Bone'
D:\MesDossiers\EngineProject\ogre\OgreMain\include\OgrePrerequisites.h(245): message : voir la déclaration de 'Ogre::Vector<3,Ogre::Real>'
D:\MesDossiers\EngineProject\ogre\OgreMain\include\OgreBone.h(144,44): warning C4251: 'Ogre::Bone::mBindDerivedInversePosition' : class 'Ogre::Vector<3,Ogre::Real>' nécessite une interface DLL pour être utilisé(e) par les clients de class 'Ogre::Bone'
D:\MesDossiers\EngineProject\ogre\OgreMain\include\OgrePrerequisites.h(245): message : voir la déclaration de 'Ogre::Vector<3,Ogre::Real>'
D:\MesDossiers\EngineProject\ogre\OgreMain\include\OgreRay.h(48,24): warning C4251: 'Ogre::Ray::mOrigin' : class 'Ogre::Vector<3,Ogre::Real>' nécessite une interface DLL pour être utilisé(e) par les clients de class 'Ogre::Ray'
D:\MesDossiers\EngineProject\ogre\OgreMain\include\OgrePrerequisites.h(245): message : voir la déclaration de 'Ogre::Vector<3,Ogre::Real>'
D:\MesDossiers\EngineProject\ogre\OgreMain\include\OgreRay.h(49,27): warning C4251: 'Ogre::Ray::mDirection' : class 'Ogre::Vector<3,Ogre::Real>' nécessite une interface DLL pour être utilisé(e) par les clients de class 'Ogre::Ray'
D:\MesDossiers\EngineProject\ogre\OgreMain\include\OgrePrerequisites.h(245): message : voir la déclaration de 'Ogre::Vector<3,Ogre::Real>'
D:\MesDossiers\EngineProject\ogre\OgreMain\include\OgreAutoParamDataSource.h(74,40): warning C4251: 'Ogre::AutoParamDataSource::mCameraPosition' : class 'Ogre::Vector<4,Ogre::Real>' nécessite une interface DLL pour être utilisé(e) par les clients de class 'Ogre::AutoParamDataSource'
D:\MesDossiers\EngineProject\ogre\OgreMain\include\OgrePrerequisites.h(248): message : voir la déclaration de 'Ogre::Vector<4,Ogre::Real>'
D:\MesDossiers\EngineProject\ogre\OgreMain\include\OgreAutoParamDataSource.h(75,51): warning C4251: 'Ogre::AutoParamDataSource::mCameraPositionObjectSpace' : class 'Ogre::Vector<4,Ogre::Real>' nécessite une interface DLL pour être utilisé(e) par les clients de class 'Ogre::AutoParamDataSource'
D:\MesDossiers\EngineProject\ogre\OgreMain\include\OgrePrerequisites.h(248): message : voir la déclaration de 'Ogre::Vector<4,Ogre::Real>'
D:\MesDossiers\EngineProject\ogre\OgreMain\include\OgreAutoParamDataSource.h(80,76): warning C4251: 'Ogre::AutoParamDataSource::mShadowCamDepthRanges' : class 'Ogre::Vector<4,Ogre::Real>' nécessite une interface DLL pour être utilisé(e) par les clients de class 'Ogre::AutoParamDataSource'
D:\MesDossiers\EngineProject\ogre\OgreMain\include\OgrePrerequisites.h(248): message : voir la déclaration de 'Ogre::Vector<4,Ogre::Real>'
D:\MesDossiers\EngineProject\ogre\OgreMain\include\OgreAutoParamDataSource.h(85,43): warning C4251: 'Ogre::AutoParamDataSource::mLodCameraPosition' : class 'Ogre::Vector<4,Ogre::Real>' nécessite une interface DLL pour être utilisé(e) par les clients de class 'Ogre::AutoParamDataSource'
D:\MesDossiers\EngineProject\ogre\OgreMain\include\OgrePrerequisites.h(248): message : voir la déclaration de 'Ogre::Vector<4,Ogre::Real>'
D:\MesDossiers\EngineProject\ogre\OgreMain\include\OgreAutoParamDataSource.h(86,54): warning C4251: 'Ogre::AutoParamDataSource::mLodCameraPositionObjectSpace' : class 'Ogre::Vector<4,Ogre::Real>' nécessite une interface DLL pour être utilisé(e) par les clients de class 'Ogre::AutoParamDataSource'
D:\MesDossiers\EngineProject\ogre\OgreMain\include\OgrePrerequisites.h(248): message : voir la déclaration de 'Ogre::Vector<4,Ogre::Real>'
D:\MesDossiers\EngineProject\ogre\OgreMain\include\OgreAutoParamDataSource.h(108,28): warning C4251: 'Ogre::AutoParamDataSource::mFogParams' : class 'Ogre::Vector<4,Ogre::Real>' nécessite une interface DLL pour être utilisé(e) par les clients de class 'Ogre::AutoParamDataSource'
D:\MesDossiers\EngineProject\ogre\OgreMain\include\OgrePrerequisites.h(248): message : voir la déclaration de 'Ogre::Vector<4,Ogre::Real>'
D:\MesDossiers\EngineProject\ogre\OgreMain\include\OgreAutoParamDataSource.h(109,30): warning C4251: 'Ogre::AutoParamDataSource::mPointParams' : class 'Ogre::Vector<4,Ogre::Real>' nécessite une interface DLL pour être utilisé(e) par les clients de class 'Ogre::AutoParamDataSource'
D:\MesDossiers\EngineProject\ogre\OgreMain\include\OgrePrerequisites.h(248): message : voir la déclaration de 'Ogre::Vector<4,Ogre::Real>'
D:\MesDossiers\EngineProject\ogre\OgreMain\include\OgreAutoParamDataSource.h(111,41): warning C4251: 'Ogre::AutoParamDataSource::mSceneDepthRange' : class 'Ogre::Vector<4,Ogre::Real>' nécessite une interface DLL pour être utilisé(e) par les clients de class 'Ogre::AutoParamDataSource'
D:\MesDossiers\EngineProject\ogre\OgreMain\include\OgrePrerequisites.h(248): message : voir la déclaration de 'Ogre::Vector<4,Ogre::Real>'
D:\MesDossiers\EngineProject\ogre\OgreMain\include\OgreAutoParamDataSource.h(119,40): warning C4251: 'Ogre::AutoParamDataSource::mCameraRelativePosition' : class 'Ogre::Vector<3,Ogre::Real>' nécessite une interface DLL pour être utilisé(e) par les clients de class 'Ogre::AutoParamDataSource'
D:\MesDossiers\EngineProject\ogre\OgreMain\include\OgrePrerequisites.h(245): message : voir la déclaration de 'Ogre::Vector<3,Ogre::Real>'
D:\MesDossiers\EngineProject\ogre\OgreMain\include\OgreTextureManager.h(417,35): warning C4251: 'Ogre::TextureManager::mWarningTexture' : class 'Ogre::SharedPtr<Ogre::Texture>' nécessite une interface DLL pour être utilisé(e) par les clients de class 'Ogre::TextureManager'
D:\MesDossiers\EngineProject\ogre\OgreMain\include\OgrePrerequisites.h(292): message : voir la déclaration de 'Ogre::SharedPtr<Ogre::Texture>'
D:\MesDossiers\EngineProject\ogre\OgreMain\include\OgreTextureManager.h(418,35): warning C4251: 'Ogre::TextureManager::mDefaultSampler' : class 'std::shared_ptr<Ogre::Sampler>' nécessite une interface DLL pour être utilisé(e) par les clients de class 'Ogre::TextureManager'
D:\MesDossiers\EngineProject\ogre\OgreMain\include\OgreTextureUnitState.h(223): message : voir la déclaration de 'std::shared_ptr<Ogre::Sampler>'
D:\MesDossiers\EngineProject\ogre\OgreMain\include\OgreTextureManager.h(419,52): warning C4251: 'Ogre::TextureManager::mNamedSamplers' : class 'std::map<Ogre::String,Ogre::SamplerPtr,std::less<Ogre::String>,std::allocator<std::pair<const Ogre::String,Ogre::SamplerPtr>>>' nécessite une interface DLL pour être utilisé(e) par les clients de class 'Ogre::TextureManager'
D:\MesDossiers\EngineProject\ogre\OgreMain\include\OgreTextureManager.h(419): message : voir la déclaration de 'std::map<Ogre::String,Ogre::SamplerPtr,std::less<Ogre::String>,std::allocator<std::pair<const Ogre::String,Ogre::SamplerPtr>>>'
D:\MesDossiers\EngineProject\ogre\OgreMain\include\OgreTimer.h(41,52): warning C4251: 'Ogre::Timer::start' : class 'std::chrono::time_point<std::chrono::steady_clock,std::chrono::nanoseconds>' nécessite une interface DLL pour être utilisé(e) par les clients de class 'Ogre::Timer'
C:\Program Files (x86)\Microsoft Visual Studio\2019\Community\VC\Tools\MSVC\14.28.29910\include\chrono(602): message : voir la déclaration de 'std::chrono::time_point<std::chrono::steady_clock,std::chrono::nanoseconds>'
D:\MesDossiers\EngineProject\ogre\Components\Bites\include\OgreStaticPluginLoader.h(27,44): warning C4251: 'OgreBites::StaticPluginLoader::mPlugins' : class 'std::vector<Ogre::Plugin *,std::allocator<Ogre::Plugin *>>' nécessite une interface DLL pour être utilisé(e) par les clients de class 'OgreBites::StaticPluginLoader'
D:\MesDossiers\EngineProject\ogre\OgreMain\include\OgreRoot.h(74): message : voir la déclaration de 'std::vector<Ogre::Plugin *,std::allocator<Ogre::Plugin *>>'
D:\MesDossiers\EngineProject\ogre\Components\RTShaderSystem\include\OgreShaderProgramManager.h(192,40): warning C4251: 'Ogre::RTShader::ProgramManager::mProgramWritersMap' : class 'std::map<Ogre::String,Ogre::RTShader::ProgramWriter *,std::less<Ogre::String>,std::allocator<std::pair<const Ogre::String,Ogre::RTShader::ProgramWriter *>>>' nécessite une interface DLL pour être utilisé(e) par les clients de class 'Ogre::RTShader::ProgramManager'
D:\MesDossiers\EngineProject\ogre\Components\RTShaderSystem\include\OgreShaderProgramManager.h(100): message : voir la déclaration de 'std::map<Ogre::String,Ogre::RTShader::ProgramWriter *,std::less<Ogre::String>,std::allocator<std::pair<const Ogre::String,Ogre::RTShader::ProgramWriter *>>>'
D:\MesDossiers\EngineProject\ogre\Components\RTShaderSystem\include\OgreShaderProgramManager.h(194,46): warning C4251: 'Ogre::RTShader::ProgramManager::mProgramProcessorsMap' : class 'std::map<Ogre::String,Ogre::RTShader::ProgramProcessor *,std::less<Ogre::String>,std::allocator<std::pair<const Ogre::String,Ogre::RTShader::ProgramProcessor *>>>' nécessite une interface DLL pour être utilisé(e) par les clients de class 'Ogre::RTShader::ProgramManager'
D:\MesDossiers\EngineProject\ogre\Components\RTShaderSystem\include\OgreShaderProgramManager.h(105): message : voir la déclaration de 'std::map<Ogre::String,Ogre::RTShader::ProgramProcessor *,std::less<Ogre::String>,std::allocator<std::pair<const Ogre::String,Ogre::RTShader::ProgramProcessor *>>>'
D:\MesDossiers\EngineProject\ogre\Components\RTShaderSystem\include\OgreShaderProgramManager.h(196,53): warning C4251: 'Ogre::RTShader::ProgramManager::mProgramWriterFactories' : class 'std::vector<Ogre::RTShader::ProgramWriterFactory *,std::allocator<Ogre::RTShader::ProgramWriterFactory *>>' nécessite une interface DLL pour être utilisé(e) par les clients de class 'Ogre::RTShader::ProgramManager'
D:\MesDossiers\EngineProject\ogre\Components\RTShaderSystem\include\OgreShaderProgramManager.h(102): message : voir la déclaration de 'std::vector<Ogre::RTShader::ProgramWriterFactory *,std::allocator<Ogre::RTShader::ProgramWriterFactory *>>'
D:\MesDossiers\EngineProject\ogre\Components\RTShaderSystem\include\OgreShaderProgramManager.h(198,36): warning C4251: 'Ogre::RTShader::ProgramManager::mVertexShaderMap' : class 'std::map<Ogre::String,Ogre::GpuProgramPtr,std::less<Ogre::String>,std::allocator<std::pair<const Ogre::String,Ogre::GpuProgramPtr>>>' nécessite une interface DLL pour être utilisé(e) par les clients de class 'Ogre::RTShader::ProgramManager'
D:\MesDossiers\EngineProject\ogre\Components\RTShaderSystem\include\OgreShaderProgramManager.h(93): message : voir la déclaration de 'std::map<Ogre::String,Ogre::GpuProgramPtr,std::less<Ogre::String>,std::allocator<std::pair<const Ogre::String,Ogre::GpuProgramPtr>>>'
D:\MesDossiers\EngineProject\ogre\Components\RTShaderSystem\include\OgreShaderProgramManager.h(200,38): warning C4251: 'Ogre::RTShader::ProgramManager::mFragmentShaderMap' : class 'std::map<Ogre::String,Ogre::GpuProgramPtr,std::less<Ogre::String>,std::allocator<std::pair<const Ogre::String,Ogre::GpuProgramPtr>>>' nécessite une interface DLL pour être utilisé(e) par les clients de class 'Ogre::RTShader::ProgramManager'
D:\MesDossiers\EngineProject\ogre\Components\RTShaderSystem\include\OgreShaderProgramManager.h(93): message : voir la déclaration de 'std::map<Ogre::String,Ogre::GpuProgramPtr,std::less<Ogre::String>,std::allocator<std::pair<const Ogre::String,Ogre::GpuProgramPtr>>>'
D:\MesDossiers\EngineProject\ogre\Components\RTShaderSystem\include\OgreShaderProgramManager.h(202,51): warning C4251: 'Ogre::RTShader::ProgramManager::mDefaultProgramProcessors' : class 'std::vector<Ogre::RTShader::ProgramProcessor *,std::allocator<Ogre::RTShader::ProgramProcessor *>>' nécessite une interface DLL pour être utilisé(e) par les clients de class 'Ogre::RTShader::ProgramManager'
D:\MesDossiers\EngineProject\ogre\Components\RTShaderSystem\include\OgreShaderProgramManager.h(108): message : voir la déclaration de 'std::vector<Ogre::RTShader::ProgramProcessor *,std::allocator<Ogre::RTShader::ProgramProcessor *>>'
D:\MesDossiers\EngineProject\ogre\Components\RTShaderSystem\include\OgreShaderParameter.h(376,17): warning C4251: 'Ogre::RTShader::Parameter::mName' : class 'std::basic_string<char,std::char_traits<char>,std::allocator<char>>' nécessite une interface DLL pour être utilisé(e) par les clients de class 'Ogre::RTShader::Parameter'
C:\Program Files (x86)\Microsoft Visual Studio\2019\Community\VC\Tools\MSVC\14.28.29910\include\xstring(4648): message : voir la déclaration de 'std::basic_string<char,std::char_traits<char>,std::allocator<char>>'
D:\MesDossiers\EngineProject\ogre\Components\RTShaderSystem\include\OgreShaderParameter.h(379,21): warning C4251: 'Ogre::RTShader::Parameter::mBindName' : class 'std::basic_string<char,std::char_traits<char>,std::allocator<char>>' nécessite une interface DLL pour être utilisé(e) par les clients de class 'Ogre::RTShader::Parameter'
C:\Program Files (x86)\Microsoft Visual Studio\2019\Community\VC\Tools\MSVC\14.28.29910\include\xstring(4648): message : voir la déclaration de 'std::basic_string<char,std::char_traits<char>,std::allocator<char>>'
D:\MesDossiers\EngineProject\ogre\Components\RTShaderSystem\include\OgreShaderParameter.h(592,1): warning C4267: 'argument' : conversion de 'size_t' en 'Ogre::uint8', perte possible de données
D:\MesDossiers\EngineProject\ogre\Components\RTShaderSystem\include\OgreShaderSubRenderState.h(154,52): warning C4251: 'Ogre::RTShader::SubRenderState::mThisAccessor' : class 'Ogre::SharedPtr<Ogre::RTShader::SubRenderStateAccessor>' nécessite une interface DLL pour être utilisé(e) par les clients de class 'Ogre::RTShader::SubRenderState'
D:\MesDossiers\EngineProject\ogre\Components\RTShaderSystem\include\OgreShaderSubRenderState.h(43): message : voir la déclaration de 'Ogre::SharedPtr<Ogre::RTShader::SubRenderStateAccessor>'
D:\MesDossiers\EngineProject\ogre\Components\RTShaderSystem\include\OgreShaderSubRenderState.h(156,45): warning C4251: 'Ogre::RTShader::SubRenderState::mOtherAccessor' : class 'Ogre::SharedPtr<Ogre::RTShader::SubRenderStateAccessor>' nécessite une interface DLL pour être utilisé(e) par les clients de class 'Ogre::RTShader::SubRenderState'
D:\MesDossiers\EngineProject\ogre\Components\RTShaderSystem\include\OgreShaderSubRenderState.h(43): message : voir la déclaration de 'Ogre::SharedPtr<Ogre::RTShader::SubRenderStateAccessor>'
D:\MesDossiers\EngineProject\ogre\Components\RTShaderSystem\include\OgreShaderSubRenderState.h(211,58): warning C4251: 'Ogre::RTShader::SubRenderStateAccessor::mSubRenderStateInstancesSet' : class 'std::set<Ogre::RTShader::SubRenderState *,std::less<Ogre::RTShader::SubRenderState *>,std::allocator<Ogre::RTShader::SubRenderState *>>' nécessite une interface DLL pour être utilisé(e) par les clients de class 'Ogre::RTShader::SubRenderStateAccessor'
D:\MesDossiers\EngineProject\ogre\Components\RTShaderSystem\include\OgreShaderSubRenderState.h(164): message : voir la déclaration de 'std::set<Ogre::RTShader::SubRenderState *,std::less<Ogre::RTShader::SubRenderState *>,std::allocator<Ogre::RTShader::SubRenderState *>>'
D:\MesDossiers\EngineProject\ogre\Components\RTShaderSystem\include\OgreShaderSubRenderState.h(316,42): warning C4251: 'Ogre::RTShader::SubRenderStateFactory::mSubRenderStateList' : class 'std::set<Ogre::RTShader::SubRenderState *,std::less<Ogre::RTShader::SubRenderState *>,std::allocator<Ogre::RTShader::SubRenderState *>>' nécessite une interface DLL pour être utilisé(e) par les clients de class 'Ogre::RTShader::SubRenderStateFactory'
D:\MesDossiers\EngineProject\ogre\Components\RTShaderSystem\include\OgreShaderSubRenderState.h(164): message : voir la déclaration de 'std::set<Ogre::RTShader::SubRenderState *,std::less<Ogre::RTShader::SubRenderState *>,std::allocator<Ogre::RTShader::SubRenderState *>>'
D:\MesDossiers\EngineProject\ogre\Components\RTShaderSystem\include\OgreShaderProgramSet.h(69,43): warning C4251: 'Ogre::RTShader::ProgramSet::mVSCpuProgram' : class 'std::unique_ptr<Ogre::RTShader::Program,std::default_delete<Ogre::RTShader::Program>>' nécessite une interface DLL pour être utilisé(e) par les clients de class 'Ogre::RTShader::ProgramSet'
D:\MesDossiers\EngineProject\ogre\Components\RTShaderSystem\include\OgreShaderProgramSet.h(65): message : voir la déclaration de 'std::unique_ptr<Ogre::RTShader::Program,std::default_delete<Ogre::RTShader::Program>>'
D:\MesDossiers\EngineProject\ogre\Components\RTShaderSystem\include\OgreShaderProgramSet.h(71,43): warning C4251: 'Ogre::RTShader::ProgramSet::mPSCpuProgram' : class 'std::unique_ptr<Ogre::RTShader::Program,std::default_delete<Ogre::RTShader::Program>>' nécessite une interface DLL pour être utilisé(e) par les clients de class 'Ogre::RTShader::ProgramSet'
D:\MesDossiers\EngineProject\ogre\Components\RTShaderSystem\include\OgreShaderProgramSet.h(65): message : voir la déclaration de 'std::unique_ptr<Ogre::RTShader::Program,std::default_delete<Ogre::RTShader::Program>>'
D:\MesDossiers\EngineProject\ogre\Components\RTShaderSystem\include\OgreShaderProgramSet.h(73,32): warning C4251: 'Ogre::RTShader::ProgramSet::mVSGpuProgram' : class 'Ogre::SharedPtr<Ogre::GpuProgram>' nécessite une interface DLL pour être utilisé(e) par les clients de class 'Ogre::RTShader::ProgramSet'
D:\MesDossiers\EngineProject\ogre\OgreMain\include\OgrePrerequisites.h(275): message : voir la déclaration de 'Ogre::SharedPtr<Ogre::GpuProgram>'
D:\MesDossiers\EngineProject\ogre\Components\RTShaderSystem\include\OgreShaderProgramSet.h(75,32): warning C4251: 'Ogre::RTShader::ProgramSet::mPSGpuProgram' : class 'Ogre::SharedPtr<Ogre::GpuProgram>' nécessite une interface DLL pour être utilisé(e) par les clients de class 'Ogre::RTShader::ProgramSet'
D:\MesDossiers\EngineProject\ogre\OgreMain\include\OgrePrerequisites.h(275): message : voir la déclaration de 'Ogre::SharedPtr<Ogre::GpuProgram>'
D:\MesDossiers\EngineProject\ogre\Components\RTShaderSystem\include\OgreShaderRenderState.h(117,43): warning C4251: 'Ogre::RTShader::RenderState::mSubRenderStateList' : class 'std::vector<Ogre::RTShader::SubRenderState *,std::allocator<Ogre::RTShader::SubRenderState *>>' nécessite une interface DLL pour être utilisé(e) par les clients de class 'Ogre::RTShader::RenderState'
D:\MesDossiers\EngineProject\ogre\Components\RTShaderSystem\include\OgreShaderSubRenderState.h(160): message : voir la déclaration de 'std::vector<Ogre::RTShader::SubRenderState *,std::allocator<Ogre::RTShader::SubRenderState *>>'
D:\MesDossiers\EngineProject\ogre\Components\RTShaderSystem\include\OgreShaderRenderState.h(119,25): warning C4251: 'Ogre::RTShader::RenderState::mLightCount' : class 'Ogre::Vector<3,int>' nécessite une interface DLL pour être utilisé(e) par les clients de class 'Ogre::RTShader::RenderState'
D:\MesDossiers\EngineProject\ogre\OgreMain\include\OgrePrerequisites.h(247): message : voir la déclaration de 'Ogre::Vector<3,int>'
D:\MesDossiers\EngineProject\ogre\Components\RTShaderSystem\include\OgreShaderRenderState.h(201,44): warning C4251: 'Ogre::RTShader::TargetRenderState::mProgramSet' : class 'std::unique_ptr<Ogre::RTShader::ProgramSet,std::default_delete<Ogre::RTShader::ProgramSet>>' nécessite une interface DLL pour être utilisé(e) par les clients de class 'Ogre::RTShader::TargetRenderState'
D:\MesDossiers\EngineProject\ogre\Components\RTShaderSystem\include\OgreShaderRenderState.h(201): message : voir la déclaration de 'std::unique_ptr<Ogre::RTShader::ProgramSet,std::default_delete<Ogre::RTShader::ProgramSet>>'
D:\MesDossiers\EngineProject\ogre\Components\RTShaderSystem\include\OgreShaderGenerator.h(444,38): warning C4251: 'Ogre::RTShader::ShaderGenerator::DEFAULT_SCHEME_NAME' : class 'std::basic_string<char,std::char_traits<char>,std::allocator<char>>' nécessite une interface DLL pour être utilisé(e) par les clients de class 'Ogre::RTShader::ShaderGenerator'
C:\Program Files (x86)\Microsoft Visual Studio\2019\Community\VC\Tools\MSVC\14.28.29910\include\xstring(4648): message : voir la déclaration de 'std::basic_string<char,std::char_traits<char>,std::allocator<char>>'
D:\MesDossiers\EngineProject\ogre\Components\RTShaderSystem\include\OgreShaderGenerator.h(582,30): warning C4251: 'Ogre::RTShader::ShaderGenerator::SGTechnique::UserKey' : class 'std::basic_string<char,std::char_traits<char>,std::allocator<char>>' nécessite une interface DLL pour être utilisé(e) par les clients de class 'Ogre::RTShader::ShaderGenerator::SGTechnique'
C:\Program Files (x86)\Microsoft Visual Studio\2019\Community\VC\Tools\MSVC\14.28.29910\include\xstring(4648): message : voir la déclaration de 'std::basic_string<char,std::char_traits<char>,std::allocator<char>>'
D:\MesDossiers\EngineProject\ogre\Components\RTShaderSystem\include\OgreShaderGenerator.h(605,32): warning C4251: 'Ogre::RTShader::ShaderGenerator::SGTechnique::mPassEntries' : class 'std::vector<Ogre::RTShader::ShaderGenerator::SGPass *,std::allocator<Ogre::RTShader::ShaderGenerator::SGPass *>>' nécessite une interface DLL pour être utilisé(e) par les clients de class 'Ogre::RTShader::ShaderGenerator::SGTechnique'
D:\MesDossiers\EngineProject\ogre\Components\RTShaderSystem\include\OgreShaderGenerator.h(463): message : voir la déclaration de 'std::vector<Ogre::RTShader::ShaderGenerator::SGPass *,std::allocator<Ogre::RTShader::ShaderGenerator::SGPass *>>'
D:\MesDossiers\EngineProject\ogre\Components\RTShaderSystem\include\OgreShaderGenerator.h(608,44): warning C4251: 'Ogre::RTShader::ShaderGenerator::SGTechnique::mCustomRenderStates' : class 'std::vector<Ogre::RTShader::RenderState *,std::allocator<Ogre::RTShader::RenderState *>>' nécessite une interface DLL pour être utilisé(e) par les clients de class 'Ogre::RTShader::ShaderGenerator::SGTechnique'
D:\MesDossiers\EngineProject\ogre\Components\RTShaderSystem\include\OgreShaderGenerator.h(607): message : voir la déclaration de 'std::vector<Ogre::RTShader::RenderState *,std::allocator<Ogre::RTShader::RenderState *>>'
D:\MesDossiers\EngineProject\ogre\Components\RTShaderSystem\include\OgreShaderGenerator.h(612,39): warning C4251: 'Ogre::RTShader::ShaderGenerator::SGTechnique::mDstTechniqueSchemeName' : class 'std::basic_string<char,std::char_traits<char>,std::allocator<char>>' nécessite une interface DLL pour être utilisé(e) par les clients de class 'Ogre::RTShader::ShaderGenerator::SGTechnique'
C:\Program Files (x86)\Microsoft Visual Studio\2019\Community\VC\Tools\MSVC\14.28.29910\include\xstring(4648): message : voir la déclaration de 'std::basic_string<char,std::char_traits<char>,std::allocator<char>>'
D:\MesDossiers\EngineProject\ogre\Components\RTShaderSystem\include\OgreShaderGenerator.h(640,21): warning C4251: 'Ogre::RTShader::ShaderGenerator::SGMaterial::mName' : class 'std::basic_string<char,std::char_traits<char>,std::allocator<char>>' nécessite une interface DLL pour être utilisé(e) par les clients de class 'Ogre::RTShader::ShaderGenerator::SGMaterial'
C:\Program Files (x86)\Microsoft Visual Studio\2019\Community\VC\Tools\MSVC\14.28.29910\include\xstring(4648): message : voir la déclaration de 'std::basic_string<char,std::char_traits<char>,std::allocator<char>>'
D:\MesDossiers\EngineProject\ogre\Components\RTShaderSystem\include\OgreShaderGenerator.h(642,22): warning C4251: 'Ogre::RTShader::ShaderGenerator::SGMaterial::mGroup' : class 'std::basic_string<char,std::char_traits<char>,std::allocator<char>>' nécessite une interface DLL pour être utilisé(e) par les clients de class 'Ogre::RTShader::ShaderGenerator::SGMaterial'
C:\Program Files (x86)\Microsoft Visual Studio\2019\Community\VC\Tools\MSVC\14.28.29910\include\xstring(4648): message : voir la déclaration de 'std::basic_string<char,std::char_traits<char>,std::allocator<char>>'
D:\MesDossiers\EngineProject\ogre\Components\RTShaderSystem\include\OgreShaderGenerator.h(644,42): warning C4251: 'Ogre::RTShader::ShaderGenerator::SGMaterial::mTechniqueEntries' : class 'std::vector<Ogre::RTShader::ShaderGenerator::SGTechnique *,std::allocator<Ogre::RTShader::ShaderGenerator::SGTechnique *>>' nécessite une interface DLL pour être utilisé(e) par les clients de class 'Ogre::RTShader::ShaderGenerator::SGMaterial'
D:\MesDossiers\EngineProject\ogre\Components\RTShaderSystem\include\OgreShaderGenerator.h(467): message : voir la déclaration de 'std::vector<Ogre::RTShader::ShaderGenerator::SGTechnique *,std::allocator<Ogre::RTShader::ShaderGenerator::SGTechnique *>>'
D:\MesDossiers\EngineProject\ogre\Components\RTShaderSystem\include\OgreShaderGenerator.h(717,21): warning C4251: 'Ogre::RTShader::ShaderGenerator::SGScheme::mName' : class 'std::basic_string<char,std::char_traits<char>,std::allocator<char>>' nécessite une interface DLL pour être utilisé(e) par les clients de class 'Ogre::RTShader::ShaderGenerator::SGScheme'
C:\Program Files (x86)\Microsoft Visual Studio\2019\Community\VC\Tools\MSVC\14.28.29910\include\xstring(4648): message : voir la déclaration de 'std::basic_string<char,std::char_traits<char>,std::allocator<char>>'
D:\MesDossiers\EngineProject\ogre\Components\RTShaderSystem\include\OgreShaderGenerator.h(719,42): warning C4251: 'Ogre::RTShader::ShaderGenerator::SGScheme::mTechniqueEntries' : class 'std::vector<Ogre::RTShader::ShaderGenerator::SGTechnique *,std::allocator<Ogre::RTShader::ShaderGenerator::SGTechnique *>>' nécessite une interface DLL pour être utilisé(e) par les clients de class 'Ogre::RTShader::ShaderGenerator::SGScheme'
D:\MesDossiers\EngineProject\ogre\Components\RTShaderSystem\include\OgreShaderGenerator.h(467): message : voir la déclaration de 'std::vector<Ogre::RTShader::ShaderGenerator::SGTechnique *,std::allocator<Ogre::RTShader::ShaderGenerator::SGTechnique *>>'
D:\MesDossiers\EngineProject\ogre\Components\RTShaderSystem\include\OgreShaderGenerator.h(723,50): warning C4251: 'Ogre::RTShader::ShaderGenerator::SGScheme::mRenderState' : class 'std::unique_ptr<Ogre::RTShader::RenderState,std::default_delete<Ogre::RTShader::RenderState>>' nécessite une interface DLL pour être utilisé(e) par les clients de class 'Ogre::RTShader::ShaderGenerator::SGScheme'
D:\MesDossiers\EngineProject\ogre\Components\RTShaderSystem\include\OgreShaderGenerator.h(723): message : voir la déclaration de 'std::unique_ptr<Ogre::RTShader::RenderState,std::default_delete<Ogre::RTShader::RenderState>>'
D:\MesDossiers\EngineProject\ogre\Components\RTShaderSystem\include\OgreShaderGenerator.h(830,37): warning C4251: 'Ogre::RTShader::ShaderGenerator::mSceneManagerMap' : class 'std::set<Ogre::SceneManager *,std::less<Ogre::SceneManager *>,std::allocator<Ogre::SceneManager *>>' nécessite une interface DLL pour être utilisé(e) par les clients de class 'Ogre::RTShader::ShaderGenerator'
D:\MesDossiers\EngineProject\ogre\Components\RTShaderSystem\include\OgreShaderGenerator.h(734): message : voir la déclaration de 'std::set<Ogre::SceneManager *,std::less<Ogre::SceneManager *>,std::allocator<Ogre::SceneManager *>>'
D:\MesDossiers\EngineProject\ogre\Components\RTShaderSystem\include\OgreShaderGenerator.h(832,66): warning C4251: 'Ogre::RTShader::ShaderGenerator::mRenderObjectListener' : class 'std::unique_ptr<Ogre::RTShader::SGRenderObjectListener,std::default_delete<Ogre::RTShader::SGRenderObjectListener>>' nécessite une interface DLL pour être utilisé(e) par les clients de class 'Ogre::RTShader::ShaderGenerator'
D:\MesDossiers\EngineProject\ogre\Components\RTShaderSystem\include\OgreShaderGenerator.h(832): message : voir la déclaration de 'std::unique_ptr<Ogre::RTShader::SGRenderObjectListener,std::default_delete<Ogre::RTShader::SGRenderObjectListener>>'
D:\MesDossiers\EngineProject\ogre\Components\RTShaderSystem\include\OgreShaderGenerator.h(834,66): warning C4251: 'Ogre::RTShader::ShaderGenerator::mSceneManagerListener' : class 'std::unique_ptr<Ogre::RTShader::SGSceneManagerListener,std::default_delete<Ogre::RTShader::SGSceneManagerListener>>' nécessite une interface DLL pour être utilisé(e) par les clients de class 'Ogre::RTShader::ShaderGenerator'
D:\MesDossiers\EngineProject\ogre\Components\RTShaderSystem\include\OgreShaderGenerator.h(834): message : voir la déclaration de 'std::unique_ptr<Ogre::RTShader::SGSceneManagerListener,std::default_delete<Ogre::RTShader::SGSceneManagerListener>>'
D:\MesDossiers\EngineProject\ogre\Components\RTShaderSystem\include\OgreShaderGenerator.h(836,72): warning C4251: 'Ogre::RTShader::ShaderGenerator::mScriptTranslatorManager' : class 'std::unique_ptr<Ogre::RTShader::SGScriptTranslatorManager,std::default_delete<Ogre::RTShader::SGScriptTranslatorManager>>' nécessite une interface DLL pour être utilisé(e) par les clients de class 'Ogre::RTShader::ShaderGenerator'
D:\MesDossiers\EngineProject\ogre\Components\RTShaderSystem\include\OgreShaderGenerator.h(836): message : voir la déclaration de 'std::unique_ptr<Ogre::RTShader::SGScriptTranslatorManager,std::default_delete<Ogre::RTShader::SGScriptTranslatorManager>>'
D:\MesDossiers\EngineProject\ogre\Components\RTShaderSystem\include\OgreShaderGenerator.h(838,78): warning C4251: 'Ogre::RTShader::ShaderGenerator::mMaterialSerializerListener' : class 'std::unique_ptr<Ogre::RTShader::SGMaterialSerializerListener,std::default_delete<Ogre::RTShader::SGMaterialSerializerListener>>' nécessite une interface DLL pour être utilisé(e) par les clients de class 'Ogre::RTShader::ShaderGenerator'
D:\MesDossiers\EngineProject\ogre\Components\RTShaderSystem\include\OgreShaderGenerator.h(838): message : voir la déclaration de 'std::unique_ptr<Ogre::RTShader::SGMaterialSerializerListener,std::default_delete<Ogre::RTShader::SGMaterialSerializerListener>>'
D:\MesDossiers\EngineProject\ogre\Components\RTShaderSystem\include\OgreShaderGenerator.h(840,68): warning C4251: 'Ogre::RTShader::ShaderGenerator::mResourceGroupListener' : class 'std::unique_ptr<Ogre::RTShader::SGResourceGroupListener,std::default_delete<Ogre::RTShader::SGResourceGroupListener>>' nécessite une interface DLL pour être utilisé(e) par les clients de class 'Ogre::RTShader::ShaderGenerator'
D:\MesDossiers\EngineProject\ogre\Components\RTShaderSystem\include\OgreShaderGenerator.h(840): message : voir la déclaration de 'std::unique_ptr<Ogre::RTShader::SGResourceGroupListener,std::default_delete<Ogre::RTShader::SGResourceGroupListener>>'
D:\MesDossiers\EngineProject\ogre\Components\RTShaderSystem\include\OgreShaderGenerator.h(844,27): warning C4251: 'Ogre::RTShader::ShaderGenerator::mShaderLanguage' : class 'std::basic_string<char,std::char_traits<char>,std::allocator<char>>' nécessite une interface DLL pour être utilisé(e) par les clients de class 'Ogre::RTShader::ShaderGenerator'
C:\Program Files (x86)\Microsoft Visual Studio\2019\Community\VC\Tools\MSVC\14.28.29910\include\xstring(4648): message : voir la déclaration de 'std::basic_string<char,std::char_traits<char>,std::allocator<char>>'
D:\MesDossiers\EngineProject\ogre\Components\RTShaderSystem\include\OgreShaderGenerator.h(846,33): warning C4251: 'Ogre::RTShader::ShaderGenerator::mVertexShaderProfiles' : class 'std::basic_string<char,std::char_traits<char>,std::allocator<char>>' nécessite une interface DLL pour être utilisé(e) par les clients de class 'Ogre::RTShader::ShaderGenerator'
C:\Program Files (x86)\Microsoft Visual Studio\2019\Community\VC\Tools\MSVC\14.28.29910\include\xstring(4648): message : voir la déclaration de 'std::basic_string<char,std::char_traits<char>,std::allocator<char>>'
D:\MesDossiers\EngineProject\ogre\Components\RTShaderSystem\include\OgreShaderGenerator.h(848,35): warning C4251: 'Ogre::RTShader::ShaderGenerator::mFragmentShaderProfiles' : class 'std::basic_string<char,std::char_traits<char>,std::allocator<char>>' nécessite une interface DLL pour être utilisé(e) par les clients de class 'Ogre::RTShader::ShaderGenerator'
C:\Program Files (x86)\Microsoft Visual Studio\2019\Community\VC\Tools\MSVC\14.28.29910\include\xstring(4648): message : voir la déclaration de 'std::basic_string<char,std::char_traits<char>,std::allocator<char>>'
D:\MesDossiers\EngineProject\ogre\Components\RTShaderSystem\include\OgreShaderGenerator.h(850,28): warning C4251: 'Ogre::RTShader::ShaderGenerator::mShaderCachePath' : class 'std::basic_string<char,std::char_traits<char>,std::allocator<char>>' nécessite une interface DLL pour être utilisé(e) par les clients de class 'Ogre::RTShader::ShaderGenerator'
C:\Program Files (x86)\Microsoft Visual Studio\2019\Community\VC\Tools\MSVC\14.28.29910\include\xstring(4648): message : voir la déclaration de 'std::basic_string<char,std::char_traits<char>,std::allocator<char>>'
D:\MesDossiers\EngineProject\ogre\Components\RTShaderSystem\include\OgreShaderGenerator.h(852,52): warning C4251: 'Ogre::RTShader::ShaderGenerator::mProgramManager' : class 'std::unique_ptr<Ogre::RTShader::ProgramManager,std::default_delete<Ogre::RTShader::ProgramManager>>' nécessite une interface DLL pour être utilisé(e) par les clients de class 'Ogre::RTShader::ShaderGenerator'
D:\MesDossiers\EngineProject\ogre\Components\RTShaderSystem\include\OgreShaderGenerator.h(852): message : voir la déclaration de 'std::unique_ptr<Ogre::RTShader::ProgramManager,std::default_delete<Ogre::RTShader::ProgramManager>>'
D:\MesDossiers\EngineProject\ogre\Components\RTShaderSystem\include\OgreShaderGenerator.h(854,64): warning C4251: 'Ogre::RTShader::ShaderGenerator::mProgramWriterManager' : class 'std::unique_ptr<Ogre::RTShader::ProgramWriterManager,std::default_delete<Ogre::RTShader::ProgramWriterManager>>' nécessite une interface DLL pour être utilisé(e) par les clients de class 'Ogre::RTShader::ShaderGenerator'
D:\MesDossiers\EngineProject\ogre\Components\RTShaderSystem\include\OgreShaderGenerator.h(854): message : voir la déclaration de 'std::unique_ptr<Ogre::RTShader::ProgramWriterManager,std::default_delete<Ogre::RTShader::ProgramWriterManager>>'
D:\MesDossiers\EngineProject\ogre\Components\RTShaderSystem\include\OgreShaderGenerator.h(858,66): warning C4251: 'Ogre::RTShader::ShaderGenerator::mFFPRenderStateBuilder' : class 'std::unique_ptr<Ogre::RTShader::FFPRenderStateBuilder,std::default_delete<Ogre::RTShader::FFPRenderStateBuilder>>' nécessite une interface DLL pour être utilisé(e) par les clients de class 'Ogre::RTShader::ShaderGenerator'
D:\MesDossiers\EngineProject\ogre\Components\RTShaderSystem\include\OgreShaderGenerator.h(858): message : voir la déclaration de 'std::unique_ptr<Ogre::RTShader::FFPRenderStateBuilder,std::default_delete<Ogre::RTShader::FFPRenderStateBuilder>>'
D:\MesDossiers\EngineProject\ogre\Components\RTShaderSystem\include\OgreShaderGenerator.h(860,38): warning C4251: 'Ogre::RTShader::ShaderGenerator::mMaterialEntriesMap' : class 'std::map<Ogre::RTShader::ShaderGenerator::MatGroupPair,Ogre::RTShader::ShaderGenerator::SGMaterial *,Ogre::RTShader::ShaderGenerator::MatGroupPair_less,std::allocator<std::pair<const Ogre::RTShader::ShaderGenerator::MatGroupPair,Ogre::RTShader::ShaderGenerator::SGMaterial *>>>' nécessite une interface DLL pour être utilisé(e) par les clients de class 'Ogre::RTShader::ShaderGenerator'
D:\MesDossiers\EngineProject\ogre\Components\RTShaderSystem\include\OgreShaderGenerator.h(474): message : voir la déclaration de 'std::map<Ogre::RTShader::ShaderGenerator::MatGroupPair,Ogre::RTShader::ShaderGenerator::SGMaterial *,Ogre::RTShader::ShaderGenerator::MatGroupPair_less,std::allocator<std::pair<const Ogre::RTShader::ShaderGenerator::MatGroupPair,Ogre::RTShader::ShaderGenerator::SGMaterial *>>>'
D:\MesDossiers\EngineProject\ogre\Components\RTShaderSystem\include\OgreShaderGenerator.h(862,34): warning C4251: 'Ogre::RTShader::ShaderGenerator::mSchemeEntriesMap' : class 'std::map<Ogre::String,Ogre::RTShader::ShaderGenerator::SGScheme *,std::less<Ogre::String>,std::allocator<std::pair<const Ogre::String,Ogre::RTShader::ShaderGenerator::SGScheme *>>>' nécessite une interface DLL pour être utilisé(e) par les clients de class 'Ogre::RTShader::ShaderGenerator'
D:\MesDossiers\EngineProject\ogre\Components\RTShaderSystem\include\OgreShaderGenerator.h(478): message : voir la déclaration de 'std::map<Ogre::String,Ogre::RTShader::ShaderGenerator::SGScheme *,std::less<Ogre::String>,std::allocator<std::pair<const Ogre::String,Ogre::RTShader::ShaderGenerator::SGScheme *>>>'
D:\MesDossiers\EngineProject\ogre\Components\RTShaderSystem\include\OgreShaderGenerator.h(864,40): warning C4251: 'Ogre::RTShader::ShaderGenerator::mTechniqueEntriesMap' : class 'std::map<Ogre::RTShader::ShaderGenerator::SGTechnique *,Ogre::RTShader::ShaderGenerator::SGTechnique *,std::less<Ogre::RTShader::ShaderGenerator::SGTechnique *>,std::allocator<std::pair<Ogre::RTShader::ShaderGenerator::SGTechnique *const ,Ogre::RTShader::ShaderGenerator::SGTechnique *>>>' nécessite une interface DLL pour être utilisé(e) par les clients de class 'Ogre::RTShader::ShaderGenerator'
D:\MesDossiers\EngineProject\ogre\Components\RTShaderSystem\include\OgreShaderGenerator.h(471): message : voir la déclaration de 'std::map<Ogre::RTShader::ShaderGenerator::SGTechnique *,Ogre::RTShader::ShaderGenerator::SGTechnique *,std::less<Ogre::RTShader::ShaderGenerator::SGTechnique *>,std::allocator<std::pair<Ogre::RTShader::ShaderGenerator::SGTechnique *const ,Ogre::RTShader::ShaderGenerator::SGTechnique *>>>'
D:\MesDossiers\EngineProject\ogre\Components\RTShaderSystem\include\OgreShaderGenerator.h(866,54): warning C4251: 'Ogre::RTShader::ShaderGenerator::mSubRenderStateFactories' : class 'std::map<Ogre::String,Ogre::RTShader::SubRenderStateFactory *,std::less<Ogre::String>,std::allocator<std::pair<const Ogre::String,Ogre::RTShader::SubRenderStateFactory *>>>' nécessite une interface DLL pour être utilisé(e) par les clients de class 'Ogre::RTShader::ShaderGenerator'
D:\MesDossiers\EngineProject\ogre\Components\RTShaderSystem\include\OgreShaderGenerator.h(729): message : voir la déclaration de 'std::map<Ogre::String,Ogre::RTShader::SubRenderStateFactory *,std::less<Ogre::String>,std::allocator<std::pair<const Ogre::String,Ogre::RTShader::SubRenderStateFactory *>>>'
D:\MesDossiers\EngineProject\ogre\Components\RTShaderSystem\include\OgreShaderGenerator.h(868,61): warning C4251: 'Ogre::RTShader::ShaderGenerator::mBuiltinSRSFactories' : class 'std::vector<Ogre::RTShader::SubRenderStateFactory *,std::allocator<Ogre::RTShader::SubRenderStateFactory *>>' nécessite une interface DLL pour être utilisé(e) par les clients de class 'Ogre::RTShader::ShaderGenerator'
D:\MesDossiers\EngineProject\ogre\Components\RTShaderSystem\include\OgreShaderGenerator.h(868): message : voir la déclaration de 'std::vector<Ogre::RTShader::SubRenderStateFactory *,std::allocator<Ogre::RTShader::SubRenderStateFactory *>>'
D:\MesDossiers\EngineProject\ogre\Components\RTShaderSystem\include\OgreShaderFunctionAtom.h(152,28): warning C4251: 'Ogre::RTShader::Operand::mParameter' : class 'std::shared_ptr<Ogre::RTShader::Parameter>' nécessite une interface DLL pour être utilisé(e) par les clients de class 'Ogre::RTShader::Operand'
D:\MesDossiers\EngineProject\ogre\Components\RTShaderSystem\include\OgreShaderPrerequisites.h(75): message : voir la déclaration de 'std::shared_ptr<Ogre::RTShader::Parameter>'
D:\MesDossiers\EngineProject\ogre\Components\RTShaderSystem\include\OgreShaderFunctionAtom.h(233,28): warning C4251: 'Ogre::RTShader::FunctionAtom::mOperands' : class 'std::vector<Ogre::RTShader::Operand,std::allocator<Ogre::RTShader::Operand>>' nécessite une interface DLL pour être utilisé(e) par les clients de class 'Ogre::RTShader::FunctionAtom'
D:\MesDossiers\EngineProject\ogre\Components\RTShaderSystem\include\OgreShaderFunctionAtom.h(200): message : voir la déclaration de 'std::vector<Ogre::RTShader::Operand,std::allocator<Ogre::RTShader::Operand>>'
D:\MesDossiers\EngineProject\ogre\Components\RTShaderSystem\include\OgreShaderFunctionAtom.h(234,25): warning C4251: 'Ogre::RTShader::FunctionAtom::mFunctionName' : class 'std::basic_string<char,std::char_traits<char>,std::allocator<char>>' nécessite une interface DLL pour être utilisé(e) par les clients de class 'Ogre::RTShader::FunctionAtom'
C:\Program Files (x86)\Microsoft Visual Studio\2019\Community\VC\Tools\MSVC\14.28.29910\include\xstring(4648): message : voir la déclaration de 'std::basic_string<char,std::char_traits<char>,std::allocator<char>>'
D:\MesDossiers\EngineProject\ogre\Components\RTShaderSystem\include\OgreShaderFunctionAtom.h(292,23): warning C4251: 'Ogre::RTShader::FunctionInvocation::mReturnType' : class 'std::basic_string<char,std::char_traits<char>,std::allocator<char>>' nécessite une interface DLL pour être utilisé(e) par les clients de class 'Ogre::RTShader::FunctionInvocation'
C:\Program Files (x86)\Microsoft Visual Studio\2019\Community\VC\Tools\MSVC\14.28.29910\include\xstring(4648): message : voir la déclaration de 'std::basic_string<char,std::char_traits<char>,std::allocator<char>>'
D:\MesDossiers\EngineProject\ogre\Components\RTShaderSystem\include\OgreShaderFunction.h(256,41): warning C4251: 'Ogre::RTShader::Function::mInputParameters' : class 'std::vector<Ogre::RTShader::ParameterPtr,std::allocator<Ogre::RTShader::ParameterPtr>>' nécessite une interface DLL pour être utilisé(e) par les clients de class 'Ogre::RTShader::Function'
D:\MesDossiers\EngineProject\ogre\Components\RTShaderSystem\include\OgreShaderPrerequisites.h(77): message : voir la déclaration de 'std::vector<Ogre::RTShader::ParameterPtr,std::allocator<Ogre::RTShader::ParameterPtr>>'
D:\MesDossiers\EngineProject\ogre\Components\RTShaderSystem\include\OgreShaderFunction.h(258,42): warning C4251: 'Ogre::RTShader::Function::mOutputParameters' : class 'std::vector<Ogre::RTShader::ParameterPtr,std::allocator<Ogre::RTShader::ParameterPtr>>' nécessite une interface DLL pour être utilisé(e) par les clients de class 'Ogre::RTShader::Function'
D:\MesDossiers\EngineProject\ogre\Components\RTShaderSystem\include\OgreShaderPrerequisites.h(77): message : voir la déclaration de 'std::vector<Ogre::RTShader::ParameterPtr,std::allocator<Ogre::RTShader::ParameterPtr>>'
D:\MesDossiers\EngineProject\ogre\Components\RTShaderSystem\include\OgreShaderFunction.h(260,41): warning C4251: 'Ogre::RTShader::Function::mLocalParameters' : class 'std::vector<Ogre::RTShader::ParameterPtr,std::allocator<Ogre::RTShader::ParameterPtr>>' nécessite une interface DLL pour être utilisé(e) par les clients de class 'Ogre::RTShader::Function'
D:\MesDossiers\EngineProject\ogre\Components\RTShaderSystem\include\OgreShaderPrerequisites.h(77): message : voir la déclaration de 'std::vector<Ogre::RTShader::ParameterPtr,std::allocator<Ogre::RTShader::ParameterPtr>>'
D:\MesDossiers\EngineProject\ogre\Components\RTShaderSystem\include\OgreShaderFunction.h(262,62): warning C4251: 'Ogre::RTShader::Function::mAtomInstances' : class 'std::map<size_t,Ogre::RTShader::FunctionAtomInstanceList,std::less<size_t>,std::allocator<std::pair<const size_t,Ogre::RTShader::FunctionAtomInstanceList>>>' nécessite une interface DLL pour être utilisé(e) par les clients de class 'Ogre::RTShader::Function'
D:\MesDossiers\EngineProject\ogre\Components\RTShaderSystem\include\OgreShaderFunction.h(262): message : voir la déclaration de 'std::map<size_t,Ogre::RTShader::FunctionAtomInstanceList,std::less<size_t>,std::allocator<std::pair<const size_t,Ogre::RTShader::FunctionAtomInstanceList>>>'
D:\MesDossiers\EngineProject\ogre\Components\RTShaderSystem\include\OgreShaderFunction.h(263,50): warning C4251: 'Ogre::RTShader::Function::mSortedAtomInstances' : class 'std::vector<Ogre::RTShader::FunctionAtom *,std::allocator<Ogre::RTShader::FunctionAtom *>>' nécessite une interface DLL pour être utilisé(e) par les clients de class 'Ogre::RTShader::Function'
D:\MesDossiers\EngineProject\ogre\Components\RTShaderSystem\include\OgreShaderFunctionAtom.h(324): message : voir la déclaration de 'std::vector<Ogre::RTShader::FunctionAtom *,std::allocator<Ogre::RTShader::FunctionAtom *>>'
D:\MesDossiers\EngineProject\ogre\Components\RTShaderSystem\include\OgreShaderFFPTransform.h(83,23): warning C4251: 'Ogre::RTShader::FFPTransform::Type' : class 'std::basic_string<char,std::char_traits<char>,std::allocator<char>>' nécessite une interface DLL pour être utilisé(e) par les clients de class 'Ogre::RTShader::FFPTransform'
C:\Program Files (x86)\Microsoft Visual Studio\2019\Community\VC\Tools\MSVC\14.28.29910\include\xstring(4648): message : voir la déclaration de 'std::basic_string<char,std::char_traits<char>,std::allocator<char>>'
D:\MesDossiers\EngineProject\ogre\Components\RTShaderSystem\include\OgreShaderExIntegratedPSSM3.h(97,23): warning C4251: 'Ogre::RTShader::IntegratedPSSM3::Type' : class 'std::basic_string<char,std::char_traits<char>,std::allocator<char>>' nécessite une interface DLL pour être utilisé(e) par les clients de class 'Ogre::RTShader::IntegratedPSSM3'
C:\Program Files (x86)\Microsoft Visual Studio\2019\Community\VC\Tools\MSVC\14.28.29910\include\xstring(4648): message : voir la déclaration de 'std::basic_string<char,std::char_traits<char>,std::allocator<char>>'
D:\MesDossiers\EngineProject\ogre\Components\RTShaderSystem\include\OgreShaderExIntegratedPSSM3.h(110,44): warning C4251: 'Ogre::RTShader::IntegratedPSSM3::ShadowTextureParams::mTextureSampler' : class 'std::shared_ptr<Ogre::RTShader::UniformParameter>' nécessite une interface DLL pour être utilisé(e) par les clients de struct 'Ogre::RTShader::IntegratedPSSM3::ShadowTextureParams'
D:\MesDossiers\EngineProject\ogre\Components\RTShaderSystem\include\OgreShaderPrerequisites.h(76): message : voir la déclaration de 'std::shared_ptr<Ogre::RTShader::UniformParameter>'
D:\MesDossiers\EngineProject\ogre\Components\RTShaderSystem\include\OgreShaderExIntegratedPSSM3.h(112,44): warning C4251: 'Ogre::RTShader::IntegratedPSSM3::ShadowTextureParams::mInvTextureSize' : class 'std::shared_ptr<Ogre::RTShader::UniformParameter>' nécessite une interface DLL pour être utilisé(e) par les clients de struct 'Ogre::RTShader::IntegratedPSSM3::ShadowTextureParams'
D:\MesDossiers\EngineProject\ogre\Components\RTShaderSystem\include\OgreShaderPrerequisites.h(76): message : voir la déclaration de 'std::shared_ptr<Ogre::RTShader::UniformParameter>'
D:\MesDossiers\EngineProject\ogre\Components\RTShaderSystem\include\OgreShaderExIntegratedPSSM3.h(114,49): warning C4251: 'Ogre::RTShader::IntegratedPSSM3::ShadowTextureParams::mWorldViewProjMatrix' : class 'std::shared_ptr<Ogre::RTShader::UniformParameter>' nécessite une interface DLL pour être utilisé(e) par les clients de struct 'Ogre::RTShader::IntegratedPSSM3::ShadowTextureParams'
D:\MesDossiers\EngineProject\ogre\Components\RTShaderSystem\include\OgreShaderPrerequisites.h(76): message : voir la déclaration de 'std::shared_ptr<Ogre::RTShader::UniformParameter>'
D:\MesDossiers\EngineProject\ogre\Components\RTShaderSystem\include\OgreShaderExIntegratedPSSM3.h(116,41): warning C4251: 'Ogre::RTShader::IntegratedPSSM3::ShadowTextureParams::mVSOutLightPosition' : class 'std::shared_ptr<Ogre::RTShader::Parameter>' nécessite une interface DLL pour être utilisé(e) par les clients de struct 'Ogre::RTShader::IntegratedPSSM3::ShadowTextureParams'
D:\MesDossiers\EngineProject\ogre\Components\RTShaderSystem\include\OgreShaderPrerequisites.h(75): message : voir la déclaration de 'std::shared_ptr<Ogre::RTShader::Parameter>'
D:\MesDossiers\EngineProject\ogre\Components\RTShaderSystem\include\OgreShaderExIntegratedPSSM3.h(118,40): warning C4251: 'Ogre::RTShader::IntegratedPSSM3::ShadowTextureParams::mPSInLightPosition' : class 'std::shared_ptr<Ogre::RTShader::Parameter>' nécessite une interface DLL pour être utilisé(e) par les clients de struct 'Ogre::RTShader::IntegratedPSSM3::ShadowTextureParams'
D:\MesDossiers\EngineProject\ogre\Components\RTShaderSystem\include\OgreShaderPrerequisites.h(75): message : voir la déclaration de 'std::shared_ptr<Ogre::RTShader::Parameter>'
D:\MesDossiers\EngineProject\ogre\Components\RTShaderSystem\include\OgreShaderExIntegratedPSSM3.h(163,53): warning C4251: 'Ogre::RTShader::IntegratedPSSM3::mShadowTextureParamsList' : class 'std::vector<Ogre::RTShader::IntegratedPSSM3::ShadowTextureParams,std::allocator<Ogre::RTShader::IntegratedPSSM3::ShadowTextureParams>>' nécessite une interface DLL pour être utilisé(e) par les clients de class 'Ogre::RTShader::IntegratedPSSM3'
D:\MesDossiers\EngineProject\ogre\Components\RTShaderSystem\include\OgreShaderExIntegratedPSSM3.h(122): message : voir la déclaration de 'std::vector<Ogre::RTShader::IntegratedPSSM3::ShadowTextureParams,std::allocator<Ogre::RTShader::IntegratedPSSM3::ShadowTextureParams>>'
D:\MesDossiers\EngineProject\ogre\Components\RTShaderSystem\include\OgreShaderExIntegratedPSSM3.h(165,39): warning C4251: 'Ogre::RTShader::IntegratedPSSM3::mPSSplitPoints' : class 'std::shared_ptr<Ogre::RTShader::UniformParameter>' nécessite une interface DLL pour être utilisé(e) par les clients de class 'Ogre::RTShader::IntegratedPSSM3'
D:\MesDossiers\EngineProject\ogre\Components\RTShaderSystem\include\OgreShaderPrerequisites.h(76): message : voir la déclaration de 'std::shared_ptr<Ogre::RTShader::UniformParameter>'
D:\MesDossiers\EngineProject\ogre\Components\RTShaderSystem\include\OgreShaderExIntegratedPSSM3.h(167,26): warning C4251: 'Ogre::RTShader::IntegratedPSSM3::mVSInPos' : class 'std::shared_ptr<Ogre::RTShader::Parameter>' nécessite une interface DLL pour être utilisé(e) par les clients de class 'Ogre::RTShader::IntegratedPSSM3'
D:\MesDossiers\EngineProject\ogre\Components\RTShaderSystem\include\OgreShaderPrerequisites.h(75): message : voir la déclaration de 'std::shared_ptr<Ogre::RTShader::Parameter>'
D:\MesDossiers\EngineProject\ogre\Components\RTShaderSystem\include\OgreShaderExIntegratedPSSM3.h(169,27): warning C4251: 'Ogre::RTShader::IntegratedPSSM3::mVSOutPos' : class 'std::shared_ptr<Ogre::RTShader::Parameter>' nécessite une interface DLL pour être utilisé(e) par les clients de class 'Ogre::RTShader::IntegratedPSSM3'
D:\MesDossiers\EngineProject\ogre\Components\RTShaderSystem\include\OgreShaderPrerequisites.h(75): message : voir la déclaration de 'std::shared_ptr<Ogre::RTShader::Parameter>'
D:\MesDossiers\EngineProject\ogre\Components\RTShaderSystem\include\OgreShaderExIntegratedPSSM3.h(171,29): warning C4251: 'Ogre::RTShader::IntegratedPSSM3::mVSOutDepth' : class 'std::shared_ptr<Ogre::RTShader::Parameter>' nécessite une interface DLL pour être utilisé(e) par les clients de class 'Ogre::RTShader::IntegratedPSSM3'
D:\MesDossiers\EngineProject\ogre\Components\RTShaderSystem\include\OgreShaderPrerequisites.h(75): message : voir la déclaration de 'std::shared_ptr<Ogre::RTShader::Parameter>'
D:\MesDossiers\EngineProject\ogre\Components\RTShaderSystem\include\OgreShaderExIntegratedPSSM3.h(173,28): warning C4251: 'Ogre::RTShader::IntegratedPSSM3::mPSInDepth' : class 'std::shared_ptr<Ogre::RTShader::Parameter>' nécessite une interface DLL pour être utilisé(e) par les clients de class 'Ogre::RTShader::IntegratedPSSM3'
D:\MesDossiers\EngineProject\ogre\Components\RTShaderSystem\include\OgreShaderPrerequisites.h(75): message : voir la déclaration de 'std::shared_ptr<Ogre::RTShader::Parameter>'
D:\MesDossiers\EngineProject\ogre\Components\RTShaderSystem\include\OgreShaderExIntegratedPSSM3.h(175,38): warning C4251: 'Ogre::RTShader::IntegratedPSSM3::mPSLocalShadowFactor' : class 'std::shared_ptr<Ogre::RTShader::Parameter>' nécessite une interface DLL pour être utilisé(e) par les clients de class 'Ogre::RTShader::IntegratedPSSM3'
D:\MesDossiers\EngineProject\ogre\Components\RTShaderSystem\include\OgreShaderPrerequisites.h(75): message : voir la déclaration de 'std::shared_ptr<Ogre::RTShader::Parameter>'
D:\MesDossiers\EngineProject\ogre\Components\RTShaderSystem\include\OgreShaderExIntegratedPSSM3.h(177,28): warning C4251: 'Ogre::RTShader::IntegratedPSSM3::mPSDiffuse' : class 'std::shared_ptr<Ogre::RTShader::Parameter>' nécessite une interface DLL pour être utilisé(e) par les clients de class 'Ogre::RTShader::IntegratedPSSM3'
D:\MesDossiers\EngineProject\ogre\Components\RTShaderSystem\include\OgreShaderPrerequisites.h(75): message : voir la déclaration de 'std::shared_ptr<Ogre::RTShader::Parameter>'
D:\MesDossiers\EngineProject\ogre\Components\RTShaderSystem\include\OgreShaderExIntegratedPSSM3.h(179,31): warning C4251: 'Ogre::RTShader::IntegratedPSSM3::mPSOutDiffuse' : class 'std::shared_ptr<Ogre::RTShader::Parameter>' nécessite une interface DLL pour être utilisé(e) par les clients de class 'Ogre::RTShader::IntegratedPSSM3'
D:\MesDossiers\EngineProject\ogre\Components\RTShaderSystem\include\OgreShaderPrerequisites.h(75): message : voir la déclaration de 'std::shared_ptr<Ogre::RTShader::Parameter>'
D:\MesDossiers\EngineProject\ogre\Components\RTShaderSystem\include\OgreShaderExIntegratedPSSM3.h(181,29): warning C4251: 'Ogre::RTShader::IntegratedPSSM3::mPSSpecualr' : class 'std::shared_ptr<Ogre::RTShader::Parameter>' nécessite une interface DLL pour être utilisé(e) par les clients de class 'Ogre::RTShader::IntegratedPSSM3'
D:\MesDossiers\EngineProject\ogre\Components\RTShaderSystem\include\OgreShaderPrerequisites.h(75): message : voir la déclaration de 'std::shared_ptr<Ogre::RTShader::Parameter>'
D:\MesDossiers\EngineProject\ogre\Components\RTShaderSystem\include\OgreShaderExIntegratedPSSM3.h(183,46): warning C4251: 'Ogre::RTShader::IntegratedPSSM3::mPSDerivedSceneColour' : class 'std::shared_ptr<Ogre::RTShader::UniformParameter>' nécessite une interface DLL pour être utilisé(e) par les clients de class 'Ogre::RTShader::IntegratedPSSM3'
D:\MesDossiers\EngineProject\ogre\Components\RTShaderSystem\include\OgreShaderPrerequisites.h(76): message : voir la déclaration de 'std::shared_ptr<Ogre::RTShader::UniformParameter>'
D:\MesDossiers\EngineProject\ogre\Components\RTShaderSystem\include\OgreShaderFFPTexturing.h(82,23): warning C4251: 'Ogre::RTShader::FFPTexturing::Type' : class 'std::basic_string<char,std::char_traits<char>,std::allocator<char>>' nécessite une interface DLL pour être utilisé(e) par les clients de class 'Ogre::RTShader::FFPTexturing'
C:\Program Files (x86)\Microsoft Visual Studio\2019\Community\VC\Tools\MSVC\14.28.29910\include\xstring(4648): message : voir la déclaration de 'std::basic_string<char,std::char_traits<char>,std::allocator<char>>'
D:\MesDossiers\EngineProject\ogre\Components\RTShaderSystem\include\OgreShaderFFPTexturing.h(103,43): warning C4251: 'Ogre::RTShader::FFPTexturing::TextureUnitParams::mTextureMatrix' : class 'std::shared_ptr<Ogre::RTShader::UniformParameter>' nécessite une interface DLL pour être utilisé(e) par les clients de struct 'Ogre::RTShader::FFPTexturing::TextureUnitParams'
D:\MesDossiers\EngineProject\ogre\Components\RTShaderSystem\include\OgreShaderPrerequisites.h(76): message : voir la déclaration de 'std::shared_ptr<Ogre::RTShader::UniformParameter>'
D:\MesDossiers\EngineProject\ogre\Components\RTShaderSystem\include\OgreShaderFFPTexturing.h(105,56): warning C4251: 'Ogre::RTShader::FFPTexturing::TextureUnitParams::mTextureViewProjImageMatrix' : class 'std::shared_ptr<Ogre::RTShader::UniformParameter>' nécessite une interface DLL pour être utilisé(e) par les clients de struct 'Ogre::RTShader::FFPTexturing::TextureUnitParams'
D:\MesDossiers\EngineProject\ogre\Components\RTShaderSystem\include\OgreShaderPrerequisites.h(76): message : voir la déclaration de 'std::shared_ptr<Ogre::RTShader::UniformParameter>'
D:\MesDossiers\EngineProject\ogre\Components\RTShaderSystem\include\OgreShaderFFPTexturing.h(107,44): warning C4251: 'Ogre::RTShader::FFPTexturing::TextureUnitParams::mTextureSampler' : class 'std::shared_ptr<Ogre::RTShader::UniformParameter>' nécessite une interface DLL pour être utilisé(e) par les clients de struct 'Ogre::RTShader::FFPTexturing::TextureUnitParams'
D:\MesDossiers\EngineProject\ogre\Components\RTShaderSystem\include\OgreShaderPrerequisites.h(76): message : voir la déclaration de 'std::shared_ptr<Ogre::RTShader::UniformParameter>'
D:\MesDossiers\EngineProject\ogre\Components\RTShaderSystem\include\OgreShaderFFPTexturing.h(109,38): warning C4251: 'Ogre::RTShader::FFPTexturing::TextureUnitParams::mVSInputTexCoord' : class 'std::shared_ptr<Ogre::RTShader::Parameter>' nécessite une interface DLL pour être utilisé(e) par les clients de struct 'Ogre::RTShader::FFPTexturing::TextureUnitParams'
D:\MesDossiers\EngineProject\ogre\Components\RTShaderSystem\include\OgreShaderPrerequisites.h(75): message : voir la déclaration de 'std::shared_ptr<Ogre::RTShader::Parameter>'
D:\MesDossiers\EngineProject\ogre\Components\RTShaderSystem\include\OgreShaderFFPTexturing.h(111,39): warning C4251: 'Ogre::RTShader::FFPTexturing::TextureUnitParams::mVSOutputTexCoord' : class 'std::shared_ptr<Ogre::RTShader::Parameter>' nécessite une interface DLL pour être utilisé(e) par les clients de struct 'Ogre::RTShader::FFPTexturing::TextureUnitParams'
D:\MesDossiers\EngineProject\ogre\Components\RTShaderSystem\include\OgreShaderPrerequisites.h(75): message : voir la déclaration de 'std::shared_ptr<Ogre::RTShader::Parameter>'
D:\MesDossiers\EngineProject\ogre\Components\RTShaderSystem\include\OgreShaderFFPTexturing.h(113,38): warning C4251: 'Ogre::RTShader::FFPTexturing::TextureUnitParams::mPSInputTexCoord' : class 'std::shared_ptr<Ogre::RTShader::Parameter>' nécessite une interface DLL pour être utilisé(e) par les clients de struct 'Ogre::RTShader::FFPTexturing::TextureUnitParams'
D:\MesDossiers\EngineProject\ogre\Components\RTShaderSystem\include\OgreShaderPrerequisites.h(75): message : voir la déclaration de 'std::shared_ptr<Ogre::RTShader::Parameter>'
D:\MesDossiers\EngineProject\ogre\Components\RTShaderSystem\include\OgreShaderFFPTexturing.h(209,49): warning C4251: 'Ogre::RTShader::FFPTexturing::mTextureUnitParamsList' : class 'std::vector<Ogre::RTShader::FFPTexturing::TextureUnitParams,std::allocator<Ogre::RTShader::FFPTexturing::TextureUnitParams>>' nécessite une interface DLL pour être utilisé(e) par les clients de class 'Ogre::RTShader::FFPTexturing'
D:\MesDossiers\EngineProject\ogre\Components\RTShaderSystem\include\OgreShaderFFPTexturing.h(116): message : voir la déclaration de 'std::vector<Ogre::RTShader::FFPTexturing::TextureUnitParams,std::allocator<Ogre::RTShader::FFPTexturing::TextureUnitParams>>'
D:\MesDossiers\EngineProject\ogre\Components\RTShaderSystem\include\OgreShaderFFPTexturing.h(211,37): warning C4251: 'Ogre::RTShader::FFPTexturing::mWorldMatrix' : class 'std::shared_ptr<Ogre::RTShader::UniformParameter>' nécessite une interface DLL pour être utilisé(e) par les clients de class 'Ogre::RTShader::FFPTexturing'
D:\MesDossiers\EngineProject\ogre\Components\RTShaderSystem\include\OgreShaderPrerequisites.h(76): message : voir la déclaration de 'std::shared_ptr<Ogre::RTShader::UniformParameter>'
D:\MesDossiers\EngineProject\ogre\Components\RTShaderSystem\include\OgreShaderFFPTexturing.h(213,39): warning C4251: 'Ogre::RTShader::FFPTexturing::mWorldITMatrix' : class 'std::shared_ptr<Ogre::RTShader::UniformParameter>' nécessite une interface DLL pour être utilisé(e) par les clients de class 'Ogre::RTShader::FFPTexturing'
D:\MesDossiers\EngineProject\ogre\Components\RTShaderSystem\include\OgreShaderPrerequisites.h(76): message : voir la déclaration de 'std::shared_ptr<Ogre::RTShader::UniformParameter>'
D:\MesDossiers\EngineProject\ogre\Components\RTShaderSystem\include\OgreShaderFFPTexturing.h(215,36): warning C4251: 'Ogre::RTShader::FFPTexturing::mViewMatrix' : class 'std::shared_ptr<Ogre::RTShader::UniformParameter>' nécessite une interface DLL pour être utilisé(e) par les clients de class 'Ogre::RTShader::FFPTexturing'
D:\MesDossiers\EngineProject\ogre\Components\RTShaderSystem\include\OgreShaderPrerequisites.h(76): message : voir la déclaration de 'std::shared_ptr<Ogre::RTShader::UniformParameter>'
D:\MesDossiers\EngineProject\ogre\Components\RTShaderSystem\include\OgreShaderFFPTexturing.h(217,32): warning C4251: 'Ogre::RTShader::FFPTexturing::mVSInputNormal' : class 'std::shared_ptr<Ogre::RTShader::Parameter>' nécessite une interface DLL pour être utilisé(e) par les clients de class 'Ogre::RTShader::FFPTexturing'
D:\MesDossiers\EngineProject\ogre\Components\RTShaderSystem\include\OgreShaderPrerequisites.h(75): message : voir la déclaration de 'std::shared_ptr<Ogre::RTShader::Parameter>'
D:\MesDossiers\EngineProject\ogre\Components\RTShaderSystem\include\OgreShaderFFPTexturing.h(219,29): warning C4251: 'Ogre::RTShader::FFPTexturing::mVSInputPos' : class 'std::shared_ptr<Ogre::RTShader::Parameter>' nécessite une interface DLL pour être utilisé(e) par les clients de class 'Ogre::RTShader::FFPTexturing'
D:\MesDossiers\EngineProject\ogre\Components\RTShaderSystem\include\OgreShaderPrerequisites.h(75): message : voir la déclaration de 'std::shared_ptr<Ogre::RTShader::Parameter>'
D:\MesDossiers\EngineProject\ogre\Components\RTShaderSystem\include\OgreShaderFFPTexturing.h(221,31): warning C4251: 'Ogre::RTShader::FFPTexturing::mPSOutDiffuse' : class 'std::shared_ptr<Ogre::RTShader::Parameter>' nécessite une interface DLL pour être utilisé(e) par les clients de class 'Ogre::RTShader::FFPTexturing'
D:\MesDossiers\EngineProject\ogre\Components\RTShaderSystem\include\OgreShaderPrerequisites.h(75): message : voir la déclaration de 'std::shared_ptr<Ogre::RTShader::Parameter>'
D:\MesDossiers\EngineProject\ogre\Components\RTShaderSystem\include\OgreShaderFFPTexturing.h(223,28): warning C4251: 'Ogre::RTShader::FFPTexturing::mPSDiffuse' : class 'std::shared_ptr<Ogre::RTShader::Parameter>' nécessite une interface DLL pour être utilisé(e) par les clients de class 'Ogre::RTShader::FFPTexturing'
D:\MesDossiers\EngineProject\ogre\Components\RTShaderSystem\include\OgreShaderPrerequisites.h(75): message : voir la déclaration de 'std::shared_ptr<Ogre::RTShader::Parameter>'
D:\MesDossiers\EngineProject\ogre\Components\RTShaderSystem\include\OgreShaderFFPTexturing.h(225,29): warning C4251: 'Ogre::RTShader::FFPTexturing::mPSSpecular' : class 'std::shared_ptr<Ogre::RTShader::Parameter>' nécessite une interface DLL pour être utilisé(e) par les clients de class 'Ogre::RTShader::FFPTexturing'
D:\MesDossiers\EngineProject\ogre\Components\RTShaderSystem\include\OgreShaderPrerequisites.h(75): message : voir la déclaration de 'std::shared_ptr<Ogre::RTShader::Parameter>'
D:\MesDossiers\EngineProject\ogre\Components\RTShaderSystem\include\OgreShaderExLayeredBlending.h(151,23): warning C4251: 'Ogre::RTShader::LayeredBlending::Type' : class 'std::basic_string<char,std::char_traits<char>,std::allocator<char>>' nécessite une interface DLL pour être utilisé(e) par les clients de class 'Ogre::RTShader::LayeredBlending'
C:\Program Files (x86)\Microsoft Visual Studio\2019\Community\VC\Tools\MSVC\14.28.29910\include\xstring(4648): message : voir la déclaration de 'std::basic_string<char,std::char_traits<char>,std::allocator<char>>'
D:\MesDossiers\EngineProject\ogre\Components\RTShaderSystem\include\OgreShaderExLayeredBlending.h(188,45): warning C4251: 'Ogre::RTShader::LayeredBlending::mTextureBlends' : class 'std::vector<Ogre::RTShader::LayeredBlending::TextureBlend,std::allocator<Ogre::RTShader::LayeredBlending::TextureBlend>>' nécessite une interface DLL pour être utilisé(e) par les clients de class 'Ogre::RTShader::LayeredBlending'
D:\MesDossiers\EngineProject\ogre\Components\RTShaderSystem\include\OgreShaderExLayeredBlending.h(188): message : voir la déclaration de 'std::vector<Ogre::RTShader::LayeredBlending::TextureBlend,std::allocator<Ogre::RTShader::LayeredBlending::TextureBlend>>'
D:\MesDossiers\EngineProject\ogre\Components\RTShaderSystem\include\OgreShaderExHardwareSkinning.h(145,23): warning C4251: 'Ogre::RTShader::HardwareSkinning::Type' : class 'std::basic_string<char,std::char_traits<char>,std::allocator<char>>' nécessite une interface DLL pour être utilisé(e) par les clients de class 'Ogre::RTShader::HardwareSkinning'
C:\Program Files (x86)\Microsoft Visual Studio\2019\Community\VC\Tools\MSVC\14.28.29910\include\xstring(4648): message : voir la déclaration de 'std::basic_string<char,std::char_traits<char>,std::allocator<char>>'
D:\MesDossiers\EngineProject\ogre\Components\RTShaderSystem\include\OgreShaderExHardwareSkinning.h(164,38): warning C4251: 'Ogre::RTShader::HardwareSkinning::mLinear' : class 'Ogre::SharedPtr<Ogre::RTShader::LinearSkinning>' nécessite une interface DLL pour être utilisé(e) par les clients de class 'Ogre::RTShader::HardwareSkinning'
D:\MesDossiers\EngineProject\ogre\Components\RTShaderSystem\include\OgreShaderExHardwareSkinning.h(164): message : voir la déclaration de 'Ogre::SharedPtr<Ogre::RTShader::LinearSkinning>'
D:\MesDossiers\EngineProject\ogre\Components\RTShaderSystem\include\OgreShaderExHardwareSkinning.h(165,48): warning C4251: 'Ogre::RTShader::HardwareSkinning::mDualQuat' : class 'Ogre::SharedPtr<Ogre::RTShader::DualQuaternionSkinning>' nécessite une interface DLL pour être utilisé(e) par les clients de class 'Ogre::RTShader::HardwareSkinning'
D:\MesDossiers\EngineProject\ogre\Components\RTShaderSystem\include\OgreShaderExHardwareSkinning.h(165): message : voir la déclaration de 'Ogre::SharedPtr<Ogre::RTShader::DualQuaternionSkinning>'
D:\MesDossiers\EngineProject\ogre\Components\RTShaderSystem\include\OgreShaderExHardwareSkinning.h(166,58): warning C4251: 'Ogre::RTShader::HardwareSkinning::mActiveTechnique' : class 'Ogre::SharedPtr<Ogre::RTShader::HardwareSkinningTechnique>' nécessite une interface DLL pour être utilisé(e) par les clients de class 'Ogre::RTShader::HardwareSkinning'
D:\MesDossiers\EngineProject\ogre\Components\RTShaderSystem\include\OgreShaderExHardwareSkinning.h(166): message : voir la déclaration de 'Ogre::SharedPtr<Ogre::RTShader::HardwareSkinningTechnique>'
D:\MesDossiers\EngineProject\ogre\Components\RTShaderSystem\include\OgreShaderExHardwareSkinning.h(314,72): warning C4251: 'Ogre::RTShader::HardwareSkinningFactory::mCustomShadowCasterMaterialsLinear' : class 'Ogre::SharedPtr<Ogre::Material>' nécessite une interface DLL pour être utilisé(e) par les clients de class 'Ogre::RTShader::HardwareSkinningFactory'
D:\MesDossiers\EngineProject\ogre\OgreMain\include\OgrePrerequisites.h(284): message : voir la déclaration de 'Ogre::SharedPtr<Ogre::Material>'
D:\MesDossiers\EngineProject\ogre\Components\RTShaderSystem\include\OgreShaderExHardwareSkinning.h(315,80): warning C4251: 'Ogre::RTShader::HardwareSkinningFactory::mCustomShadowCasterMaterialsDualQuaternion' : class 'Ogre::SharedPtr<Ogre::Material>' nécessite une interface DLL pour être utilisé(e) par les clients de class 'Ogre::RTShader::HardwareSkinningFactory'
D:\MesDossiers\EngineProject\ogre\OgreMain\include\OgrePrerequisites.h(284): message : voir la déclaration de 'Ogre::SharedPtr<Ogre::Material>'
D:\MesDossiers\EngineProject\ogre\Components\RTShaderSystem\include\OgreShaderExHardwareSkinning.h(318,74): warning C4251: 'Ogre::RTShader::HardwareSkinningFactory::mCustomShadowReceiverMaterialsLinear' : class 'Ogre::SharedPtr<Ogre::Material>' nécessite une interface DLL pour être utilisé(e) par les clients de class 'Ogre::RTShader::HardwareSkinningFactory'
D:\MesDossiers\EngineProject\ogre\OgreMain\include\OgrePrerequisites.h(284): message : voir la déclaration de 'Ogre::SharedPtr<Ogre::Material>'
D:\MesDossiers\EngineProject\ogre\Components\RTShaderSystem\include\OgreShaderExHardwareSkinning.h(319,82): warning C4251: 'Ogre::RTShader::HardwareSkinningFactory::mCustomShadowReceiverMaterialsDualQuaternion' : class 'Ogre::SharedPtr<Ogre::Material>' nécessite une interface DLL pour être utilisé(e) par les clients de class 'Ogre::RTShader::HardwareSkinningFactory'
D:\MesDossiers\EngineProject\ogre\OgreMain\include\OgrePrerequisites.h(284): message : voir la déclaration de 'Ogre::SharedPtr<Ogre::Material>'
D:\MesDossiers\EngineProject\ogre\Components\Bites\include\OgreSGTechniqueResolverListener.h(46,93): warning C4275: interface non dll class 'Ogre::MaterialManager::Listener' utilisée comme base d'une interface dll class 'OgreBites::SGTechniqueResolverListener'
D:\MesDossiers\EngineProject\ogre\OgreMain\include\OgreMaterialManager.h(76): message : voir la déclaration de 'Ogre::MaterialManager::Listener'
D:\MesDossiers\EngineProject\ogre\Components\Bites\include\OgreSGTechniqueResolverListener.h(46): message : voir la déclaration de 'OgreBites::SGTechniqueResolverListener'
D:\MesDossiers\EngineProject\ogre\Components\Bites\include\OgreInput.h(199,47): warning C4251: 'OgreBites::InputListenerChain::mListenerChain' : class 'std::vector<OgreBites::InputListener *,std::allocator<OgreBites::InputListener *>>' nécessite une interface DLL pour être utilisé(e) par les clients de class 'OgreBites::InputListenerChain'
D:\MesDossiers\EngineProject\ogre\Components\Bites\include\OgreInput.h(199): message : voir la déclaration de 'std::vector<OgreBites::InputListener *,std::allocator<OgreBites::InputListener *>>'
D:\MesDossiers\EngineProject\ogre\Components\Bites\include\OgreApplicationContextBase.h(295,35): warning C4251: 'OgreBites::ApplicationContextBase::mNextRenderer' : class 'std::basic_string<char,std::char_traits<char>,std::allocator<char>>' nécessite une interface DLL pour être utilisé(e) par les clients de class 'OgreBites::ApplicationContextBase'
C:\Program Files (x86)\Microsoft Visual Studio\2019\Community\VC\Tools\MSVC\14.28.29910\include\xstring(4648): message : voir la déclaration de 'std::basic_string<char,std::char_traits<char>,std::allocator<char>>'
D:\MesDossiers\EngineProject\ogre\Components\Bites\include\OgreApplicationContextBase.h(296,30): warning C4251: 'OgreBites::ApplicationContextBase::mAppName' : class 'std::basic_string<char,std::char_traits<char>,std::allocator<char>>' nécessite une interface DLL pour être utilisé(e) par les clients de class 'OgreBites::ApplicationContextBase'
C:\Program Files (x86)\Microsoft Visual Studio\2019\Community\VC\Tools\MSVC\14.28.29910\include\xstring(4648): message : voir la déclaration de 'std::basic_string<char,std::char_traits<char>,std::allocator<char>>'
D:\MesDossiers\EngineProject\ogre\Components\Bites\include\OgreApplicationContextBase.h(299,28): warning C4251: 'OgreBites::ApplicationContextBase::mWindows' : class 'std::vector<OgreBites::NativeWindowPair,std::allocator<OgreBites::NativeWindowPair>>' nécessite une interface DLL pour être utilisé(e) par les clients de class 'OgreBites::ApplicationContextBase'
D:\MesDossiers\EngineProject\ogre\Components\Bites\include\OgreApplicationContextBase.h(298): message : voir la déclaration de 'std::vector<OgreBites::NativeWindowPair,std::allocator<OgreBites::NativeWindowPair>>'
D:\MesDossiers\EngineProject\ogre\Components\Bites\include\OgreApplicationContextBase.h(302,42): warning C4251: 'OgreBites::ApplicationContextBase::mInputListeners' : class 'std::set<std::pair<uint32_t,OgreBites::InputListener *>,std::less<std::pair<uint32_t,OgreBites::InputListener *>>,std::allocator<std::pair<uint32_t,OgreBites::InputListener *>>>' nécessite une interface DLL pour être utilisé(e) par les clients de class 'OgreBites::ApplicationContextBase'
D:\MesDossiers\EngineProject\ogre\Components\Bites\include\OgreApplicationContextBase.h(301): message : voir la déclaration de 'std::set<std::pair<uint32_t,OgreBites::InputListener *>,std::less<std::pair<uint32_t,OgreBites::InputListener *>>,std::allocator<std::pair<uint32_t,OgreBites::InputListener *>>>'
D:\MesDossiers\EngineProject\ogre\Components\Bites\include\OgreCameraMan.h(165,32): warning C4251: 'OgreBites::CameraMan::mVelocity' : class 'Ogre::Vector<3,Ogre::Real>' nécessite une interface DLL pour être utilisé(e) par les clients de class 'OgreBites::CameraMan'
D:\MesDossiers\EngineProject\ogre\OgreMain\include\OgrePrerequisites.h(245): message : voir la déclaration de 'Ogre::Vector<3,Ogre::Real>'
D:\MesDossiers\EngineProject\ogre\Components\Bites\include\OgreCameraMan.h(173,30): warning C4251: 'OgreBites::CameraMan::mOffset' : class 'Ogre::Vector<3,Ogre::Real>' nécessite une interface DLL pour être utilisé(e) par les clients de class 'OgreBites::CameraMan'
D:\MesDossiers\EngineProject\ogre\OgreMain\include\OgrePrerequisites.h(245): message : voir la déclaration de 'Ogre::Vector<3,Ogre::Real>'
C:\Users\victo\source\repos\ChouquetteEngine\ChouquetteEngine\ChouquetteEngine.cpp(82,28): warning C4244: 'argument' : conversion de 'const int' en 'float', perte possible de données
C:\Users\victo\source\repos\ChouquetteEngine\ChouquetteEngine\ChouquetteEngine.cpp(83,30): warning C4244: 'argument' : conversion de 'const int' en 'float', perte possible de données
C:\Users\victo\source\repos\ChouquetteEngine\ChouquetteEngine\ChouquetteEngine.cpp(138,53): warning C4305: 'argument' : troncation de 'double' à 'float'
C:\Users\victo\source\repos\ChouquetteEngine\ChouquetteEngine\ChouquetteEngine.cpp(139,54): warning C4305: 'argument' : troncation de 'double' à 'float'
  Génération de code en cours
  5 of 166 functions ( 3.0%) were compiled, the rest were copied from previous compilation.
    4 functions were new in current compilation
    0 functions had inline decision re-evaluated but remain unchanged
  Fin de la génération du code
  ChouquetteEngine.vcxproj -> C:\Users\victo\source\repos\ChouquetteEngine\x64\Release\ChouquetteEngine.exe
